# JRE version: OpenJDK Runtime Environment (24.0.1+9) (build 24.0.1+9-30)
# Java VM: OpenJDK 64-Bit Server VM (24.0.1+9-30, mixed mode, sharing, tiered, compressed oops, compressed class ptrs, g1 gc, windows-amd64)
GC Precious Log:
 CardTable entry size: 512
 Card Set container configuration: InlinePtr #cards 4 size 8 Array Of Cards #cards 16 size 48 Howl #buckets 8 coarsen threshold 3686 Howl Bitmap #cards 512 size 80 coarsen threshold 460 Card regions per heap region 1 cards per card region 4096
 CPUs: 4 total, 4 available
 Memory: 16041M
 Large Page Support: Disabled
 NUMA Support: Disabled
 Compressed Oops: Enabled (Zero based)
 Heap Region Size: 2M
 Heap Min Capacity: 8M
 Heap Initial Capacity: 252M
 Heap Max Capacity: 4012M
 Pre-touch: Disabled
 Parallel Workers: 4
 Concurrent Workers: 1
 Concurrent Refinement Workers: 4
 Periodic GC: Disabled
Heap:
 garbage-first heap   total reserved 4108288K, committed 301056K, used 265367K [0x0000000705400000, 0x0000000800000000)
  region size 2048K, 16 young (32768K), 3 survivors (6144K)
 Metaspace       used 39274K, committed 39616K, reserved 1114112K
  class space    used 3706K, committed 3840K, reserved 1048576K
GC Heap History (14 events):
Event: 1.339 GC heap before
{Heap before GC invocations=0 (full 0):
 garbage-first heap   total reserved 4108288K, committed 260096K, used 29808K [0x0000000705400000, 0x0000000800000000)
  region size 2048K, 14 young (28672K), 0 survivors (0K)
 Metaspace       used 9383K, committed 9600K, reserved 1114112K
  class space    used 810K, committed 896K, reserved 1048576K
}
Event: 1.347 GC heap after
{Heap after GC invocations=1 (full 0):
 garbage-first heap   total reserved 4108288K, committed 260096K, used 9304K [0x0000000705400000, 0x0000000800000000)
  region size 2048K, 2 young (4096K), 2 survivors (4096K)
 Metaspace       used 9383K, committed 9600K, reserved 1114112K
  class space    used 810K, committed 896K, reserved 1048576K
}
Event: 4.161 GC heap before
{Heap before GC invocations=1 (full 0):
 garbage-first heap   total reserved 4108288K, committed 260096K, used 111704K [0x0000000705400000, 0x0000000800000000)
  region size 2048K, 52 young (106496K), 2 survivors (4096K)
 Metaspace       used 18653K, committed 19008K, reserved 1114112K
  class space    used 1624K, committed 1792K, reserved 1048576K
}
Event: 4.184 GC heap after
{Heap after GC invocations=2 (full 0):
 garbage-first heap   total reserved 4108288K, committed 260096K, used 23774K [0x0000000705400000, 0x0000000800000000)
  region size 2048K, 7 young (14336K), 7 survivors (14336K)
 Metaspace       used 18653K, committed 19008K, reserved 1114112K
  class space    used 1624K, committed 1792K, reserved 1048576K
}
Event: 4.963 GC heap before
{Heap before GC invocations=2 (full 0):
 garbage-first heap   total reserved 4108288K, committed 260096K, used 77022K [0x0000000705400000, 0x0000000800000000)
  region size 2048K, 34 young (69632K), 7 survivors (14336K)
 Metaspace       used 21267K, committed 21504K, reserved 1114112K
  class space    used 1795K, committed 1920K, reserved 1048576K
}
Event: 4.992 GC heap after
{Heap after GC invocations=3 (full 0):
 garbage-first heap   total reserved 4108288K, committed 260096K, used 33108K [0x0000000705400000, 0x0000000800000000)
  region size 2048K, 5 young (10240K), 5 survivors (10240K)
 Metaspace       used 21267K, committed 21504K, reserved 1114112K
  class space    used 1795K, committed 1920K, reserved 1048576K
}
Event: 5.944 GC heap before
{Heap before GC invocations=4 (full 0):
 garbage-first heap   total reserved 4108288K, committed 122880K, used 96596K [0x0000000705400000, 0x0000000800000000)
  region size 2048K, 36 young (73728K), 5 survivors (10240K)
 Metaspace       used 24452K, committed 24768K, reserved 1114112K
  class space    used 2088K, committed 2176K, reserved 1048576K
}
Event: 5.967 GC heap after
{Heap after GC invocations=5 (full 0):
 garbage-first heap   total reserved 4108288K, committed 122880K, used 40376K [0x0000000705400000, 0x0000000800000000)
  region size 2048K, 3 young (6144K), 3 survivors (6144K)
 Metaspace       used 24452K, committed 24768K, reserved 1114112K
  class space    used 2088K, committed 2176K, reserved 1048576K
}
Event: 7.928 GC heap before
{Heap before GC invocations=5 (full 0):
 garbage-first heap   total reserved 4108288K, committed 122880K, used 89528K [0x0000000705400000, 0x0000000800000000)
  region size 2048K, 27 young (55296K), 3 survivors (6144K)
 Metaspace       used 33887K, committed 34304K, reserved 1114112K
  class space    used 3041K, committed 3200K, reserved 1048576K
}
Event: 7.955 GC heap after
{Heap after GC invocations=6 (full 0):
 garbage-first heap   total reserved 4108288K, committed 122880K, used 45450K [0x0000000705400000, 0x0000000800000000)
  region size 2048K, 3 young (6144K), 3 survivors (6144K)
 Metaspace       used 33887K, committed 34304K, reserved 1114112K
  class space    used 3041K, committed 3200K, reserved 1048576K
}
Event: 9.215 GC heap before
{Heap before GC invocations=6 (full 0):
 garbage-first heap   total reserved 4108288K, committed 122880K, used 67978K [0x0000000705400000, 0x0000000800000000)
  region size 2048K, 15 young (30720K), 3 survivors (6144K)
 Metaspace       used 35785K, committed 36160K, reserved 1114112K
  class space    used 3283K, committed 3456K, reserved 1048576K
}
Event: 9.228 GC heap after
{Heap after GC invocations=7 (full 0):
 garbage-first heap   total reserved 4108288K, committed 122880K, used 47381K [0x0000000705400000, 0x0000000800000000)
  region size 2048K, 1 young (2048K), 1 survivors (2048K)
 Metaspace       used 35785K, committed 36160K, reserved 1114112K
  class space    used 3283K, committed 3456K, reserved 1048576K
}
Event: 213.563 GC heap before
{Heap before GC invocations=8 (full 0):
 garbage-first heap   total reserved 4108288K, committed 272384K, used 270613K [0x0000000705400000, 0x0000000800000000)
  region size 2048K, 17 young (34816K), 1 survivors (2048K)
 Metaspace       used 37583K, committed 38016K, reserved 1114112K
  class space    used 3498K, committed 3648K, reserved 1048576K
}
Event: 213.581 GC heap after
{Heap after GC invocations=9 (full 0):
 garbage-first heap   total reserved 4108288K, committed 278528K, used 50327K [0x0000000705400000, 0x0000000800000000)
  region size 2048K, 3 young (6144K), 3 survivors (6144K)
 Metaspace       used 37583K, committed 38016K, reserved 1114112K
  class space    used 3498K, committed 3648K, reserved 1048576K
}

